<?xml version="1.0" encoding="UTF-8"?>
<!-- Generated by org.testng.reporters.JUnitReportReporter -->
<testsuite hostname="360NDCLP354" failures="0" tests="1" name="com.qa.tests.LoginTest" time="0.009" errors="0" timestamp="2023-03-28T18:09:48 IST" skipped="0">
  <testcase classname="com.qa.tests.LoginTest" name="loginTest" time="0.009"/>
  <system-out/>
</testsuite> <!-- com.qa.tests.LoginTest -->
